2017-08-03 14:19:17,700 INFO o.a.j.u.JMeterUtils: Setting Locale to en_AU
2017-08-03 14:19:17,714 INFO o.a.j.JMeter: Loading user properties from: /usr/local/Cellar/jmeter/3.2/libexec/bin/user.properties
2017-08-03 14:19:17,715 INFO o.a.j.JMeter: Loading system properties from: /usr/local/Cellar/jmeter/3.2/libexec/bin/system.properties
2017-08-03 14:19:17,721 INFO o.a.j.JMeter: Copyright (c) 1998-2017 The Apache Software Foundation
2017-08-03 14:19:17,721 INFO o.a.j.JMeter: Version 3.2 r1790748
2017-08-03 14:19:17,721 INFO o.a.j.JMeter: java.version=1.8.0_144
2017-08-03 14:19:17,721 INFO o.a.j.JMeter: java.vm.name=Java HotSpot(TM) 64-Bit Server VM
2017-08-03 14:19:17,722 INFO o.a.j.JMeter: os.name=Mac OS X
2017-08-03 14:19:17,722 INFO o.a.j.JMeter: os.arch=x86_64
2017-08-03 14:19:17,722 INFO o.a.j.JMeter: os.version=10.12.5
2017-08-03 14:19:17,722 INFO o.a.j.JMeter: file.encoding=UTF-8
2017-08-03 14:19:17,722 INFO o.a.j.JMeter: Max memory     =536870912
2017-08-03 14:19:17,722 INFO o.a.j.JMeter: Available Processors =8
2017-08-03 14:19:17,728 INFO o.a.j.JMeter: Default Locale=English (Australia)
2017-08-03 14:19:17,729 INFO o.a.j.JMeter: JMeter  Locale=English (Australia)
2017-08-03 14:19:17,729 INFO o.a.j.JMeter: JMeterHome=/usr/local/Cellar/jmeter/3.2/libexec
2017-08-03 14:19:17,729 INFO o.a.j.JMeter: user.dir  =/Users/jamesmccallum/Documents/carveros.NEW
2017-08-03 14:19:17,729 INFO o.a.j.JMeter: PWD       =/Users/jamesmccallum/Documents/carveros.NEW
2017-08-03 14:19:17,731 INFO o.a.j.JMeter: IP: 172.16.1.27 Name: Jamess-MBP.jobready.local FullName: jamess-mbp.jobready.local
2017-08-03 14:19:19,625 INFO o.a.j.g.a.LookAndFeelCommand: Using look and feel: com.apple.laf.AquaLookAndFeel [Mac OS X, System]
2017-08-03 14:19:19,631 INFO o.a.j.JMeter: Loaded icon properties from org/apache/jmeter/images/icon.properties
2017-08-03 14:19:20,137 INFO o.a.j.e.u.CompoundVariable: Note: Function class names must contain the string: '.functions.'
2017-08-03 14:19:20,137 INFO o.a.j.e.u.CompoundVariable: Note: Function class names must not contain the string: '.gui.'
2017-08-03 14:19:21,124 INFO o.a.j.g.u.MenuFactory: Skipping org.apache.jmeter.assertions.BSFAssertion
2017-08-03 14:19:21,835 INFO o.a.j.g.u.MenuFactory: Skipping org.apache.jmeter.extractor.BSFPostProcessor
2017-08-03 14:19:21,878 INFO o.a.j.g.u.MenuFactory: Skipping org.apache.jmeter.modifiers.BSFPreProcessor
2017-08-03 14:19:21,914 INFO o.a.j.p.h.s.HTTPSamplerBase: Parser for text/html is org.apache.jmeter.protocol.http.parser.LagartoBasedHtmlParser
2017-08-03 14:19:21,914 INFO o.a.j.p.h.s.HTTPSamplerBase: Parser for application/xhtml+xml is org.apache.jmeter.protocol.http.parser.LagartoBasedHtmlParser
2017-08-03 14:19:21,914 INFO o.a.j.p.h.s.HTTPSamplerBase: Parser for application/xml is org.apache.jmeter.protocol.http.parser.LagartoBasedHtmlParser
2017-08-03 14:19:21,914 INFO o.a.j.p.h.s.HTTPSamplerBase: Parser for text/xml is org.apache.jmeter.protocol.http.parser.LagartoBasedHtmlParser
2017-08-03 14:19:21,914 INFO o.a.j.p.h.s.HTTPSamplerBase: Parser for text/vnd.wap.wml is org.apache.jmeter.protocol.http.parser.RegexpHTMLParser
2017-08-03 14:19:21,915 INFO o.a.j.p.h.s.HTTPSamplerBase: Parser for text/css is org.apache.jmeter.protocol.http.parser.CssParser
2017-08-03 14:19:22,342 INFO o.a.j.e.KeyToolUtils: keytool found at 'keytool'
2017-08-03 14:19:22,342 INFO o.a.j.p.h.p.ProxyControl: HTTP(S) Test Script Recorder SSL Proxy will use keys that support embedded 3rd party resources in file /usr/local/Cellar/jmeter/3.2/libexec/bin/proxyserver.jks
2017-08-03 14:19:22,486 INFO o.a.j.g.u.MenuFactory: Skipping org.apache.jmeter.protocol.java.sampler.BSFSampler
2017-08-03 14:19:22,521 INFO o.a.j.s.FileServer: Default base='/Users/jamesmccallum/Documents/carveros.NEW'
2017-08-03 14:19:22,621 INFO o.a.j.g.u.MenuFactory: Skipping org.apache.jmeter.protocol.mongodb.config.MongoSourceElement
2017-08-03 14:19:22,621 INFO o.a.j.g.u.MenuFactory: Skipping org.apache.jmeter.protocol.mongodb.sampler.MongoScriptSampler
2017-08-03 14:19:22,747 INFO o.a.j.g.u.MenuFactory: Skipping org.apache.jmeter.timers.BSFTimer
2017-08-03 14:19:22,778 INFO o.a.j.g.u.MenuFactory: Skipping org.apache.jmeter.visualizers.BSFListener
2017-08-03 14:19:22,925 INFO o.a.j.s.SampleResult: Note: Sample TimeStamps are START times
2017-08-03 14:19:22,925 INFO o.a.j.s.SampleResult: sampleresult.default.encoding is set to ISO-8859-1
2017-08-03 14:19:22,925 INFO o.a.j.s.SampleResult: sampleresult.useNanoTime=true
2017-08-03 14:19:22,925 INFO o.a.j.s.SampleResult: sampleresult.nanoThreadSleep=5000
2017-08-03 14:23:29,759 INFO o.a.j.e.StandardJMeterEngine: Running the test!
2017-08-03 14:23:29,768 INFO o.a.j.s.SampleEvent: List of sample_variables: []
2017-08-03 14:23:29,768 INFO o.a.j.s.SampleEvent: List of sample_variables: []
2017-08-03 14:23:29,771 INFO o.a.j.g.u.JMeterMenuBar: setRunning(true, *local*)
2017-08-03 14:23:29,953 INFO o.a.j.e.StandardJMeterEngine: Starting ThreadGroup: 1 : Thread Group
2017-08-03 14:23:29,953 INFO o.a.j.e.StandardJMeterEngine: Starting 50 threads for group Thread Group.
2017-08-03 14:23:29,954 INFO o.a.j.e.StandardJMeterEngine: Thread will continue on error
2017-08-03 14:23:29,954 INFO o.a.j.t.ThreadGroup: Starting thread group... number=1 threads=50 ramp-up=1 perThread=20.0 delayedStart=false
2017-08-03 14:23:29,959 INFO o.a.j.t.JMeterThread: Thread started: Thread Group 1-1
2017-08-03 14:23:29,962 INFO o.a.j.t.JMeterThread: Thread is done: Thread Group 1-1
2017-08-03 14:23:29,962 INFO o.a.j.t.JMeterThread: Thread finished: Thread Group 1-1
2017-08-03 14:23:29,976 INFO o.a.j.t.ThreadGroup: Started thread group number 1
2017-08-03 14:23:29,976 INFO o.a.j.e.StandardJMeterEngine: All thread groups have been started
2017-08-03 14:23:29,984 INFO o.a.j.t.JMeterThread: Thread started: Thread Group 1-2
2017-08-03 14:23:29,993 INFO o.a.j.t.JMeterThread: Thread is done: Thread Group 1-2
2017-08-03 14:23:29,993 INFO o.a.j.t.JMeterThread: Thread finished: Thread Group 1-2
2017-08-03 14:23:30,004 INFO o.a.j.t.JMeterThread: Thread started: Thread Group 1-3
2017-08-03 14:23:30,009 INFO o.a.j.t.JMeterThread: Thread is done: Thread Group 1-3
2017-08-03 14:23:30,009 INFO o.a.j.t.JMeterThread: Thread finished: Thread Group 1-3
2017-08-03 14:23:30,023 INFO o.a.j.t.JMeterThread: Thread started: Thread Group 1-4
2017-08-03 14:23:30,025 INFO o.a.j.t.JMeterThread: Thread is done: Thread Group 1-4
2017-08-03 14:23:30,025 INFO o.a.j.t.JMeterThread: Thread finished: Thread Group 1-4
2017-08-03 14:23:30,045 INFO o.a.j.t.JMeterThread: Thread started: Thread Group 1-5
2017-08-03 14:23:30,046 INFO o.a.j.t.JMeterThread: Thread is done: Thread Group 1-5
2017-08-03 14:23:30,046 INFO o.a.j.t.JMeterThread: Thread finished: Thread Group 1-5
2017-08-03 14:23:30,065 INFO o.a.j.t.JMeterThread: Thread started: Thread Group 1-6
2017-08-03 14:23:30,066 INFO o.a.j.t.JMeterThread: Thread is done: Thread Group 1-6
2017-08-03 14:23:30,066 INFO o.a.j.t.JMeterThread: Thread finished: Thread Group 1-6
2017-08-03 14:23:30,084 INFO o.a.j.t.JMeterThread: Thread started: Thread Group 1-7
2017-08-03 14:23:30,086 INFO o.a.j.t.JMeterThread: Thread is done: Thread Group 1-7
2017-08-03 14:23:30,086 INFO o.a.j.t.JMeterThread: Thread finished: Thread Group 1-7
2017-08-03 14:23:30,105 INFO o.a.j.t.JMeterThread: Thread started: Thread Group 1-8
2017-08-03 14:23:30,106 INFO o.a.j.t.JMeterThread: Thread is done: Thread Group 1-8
2017-08-03 14:23:30,106 INFO o.a.j.t.JMeterThread: Thread finished: Thread Group 1-8
2017-08-03 14:23:30,124 INFO o.a.j.t.JMeterThread: Thread started: Thread Group 1-9
2017-08-03 14:23:30,125 INFO o.a.j.t.JMeterThread: Thread is done: Thread Group 1-9
2017-08-03 14:23:30,125 INFO o.a.j.t.JMeterThread: Thread finished: Thread Group 1-9
2017-08-03 14:23:30,147 INFO o.a.j.t.JMeterThread: Thread started: Thread Group 1-10
2017-08-03 14:23:30,147 INFO o.a.j.t.JMeterThread: Thread is done: Thread Group 1-10
2017-08-03 14:23:30,147 INFO o.a.j.t.JMeterThread: Thread finished: Thread Group 1-10
2017-08-03 14:23:30,167 INFO o.a.j.t.JMeterThread: Thread started: Thread Group 1-11
2017-08-03 14:23:30,168 INFO o.a.j.t.JMeterThread: Thread is done: Thread Group 1-11
2017-08-03 14:23:30,168 INFO o.a.j.t.JMeterThread: Thread finished: Thread Group 1-11
2017-08-03 14:23:30,188 INFO o.a.j.t.JMeterThread: Thread started: Thread Group 1-12
2017-08-03 14:23:30,188 INFO o.a.j.t.JMeterThread: Thread is done: Thread Group 1-12
2017-08-03 14:23:30,188 INFO o.a.j.t.JMeterThread: Thread finished: Thread Group 1-12
2017-08-03 14:23:30,207 INFO o.a.j.t.JMeterThread: Thread started: Thread Group 1-13
2017-08-03 14:23:30,207 INFO o.a.j.t.JMeterThread: Thread is done: Thread Group 1-13
2017-08-03 14:23:30,208 INFO o.a.j.t.JMeterThread: Thread finished: Thread Group 1-13
2017-08-03 14:23:30,224 INFO o.a.j.t.JMeterThread: Thread started: Thread Group 1-14
2017-08-03 14:23:30,224 INFO o.a.j.t.JMeterThread: Thread is done: Thread Group 1-14
2017-08-03 14:23:30,224 INFO o.a.j.t.JMeterThread: Thread finished: Thread Group 1-14
2017-08-03 14:23:30,249 INFO o.a.j.t.JMeterThread: Thread started: Thread Group 1-15
2017-08-03 14:23:30,249 INFO o.a.j.t.JMeterThread: Thread is done: Thread Group 1-15
2017-08-03 14:23:30,249 INFO o.a.j.t.JMeterThread: Thread finished: Thread Group 1-15
2017-08-03 14:23:30,269 INFO o.a.j.t.JMeterThread: Thread started: Thread Group 1-16
2017-08-03 14:23:30,269 INFO o.a.j.t.JMeterThread: Thread is done: Thread Group 1-16
2017-08-03 14:23:30,269 INFO o.a.j.t.JMeterThread: Thread finished: Thread Group 1-16
2017-08-03 14:23:30,289 INFO o.a.j.t.JMeterThread: Thread started: Thread Group 1-17
2017-08-03 14:23:30,289 INFO o.a.j.t.JMeterThread: Thread is done: Thread Group 1-17
2017-08-03 14:23:30,289 INFO o.a.j.t.JMeterThread: Thread finished: Thread Group 1-17
2017-08-03 14:23:30,309 INFO o.a.j.t.JMeterThread: Thread started: Thread Group 1-18
2017-08-03 14:23:30,309 INFO o.a.j.t.JMeterThread: Thread is done: Thread Group 1-18
2017-08-03 14:23:30,309 INFO o.a.j.t.JMeterThread: Thread finished: Thread Group 1-18
2017-08-03 14:23:30,328 INFO o.a.j.t.JMeterThread: Thread started: Thread Group 1-19
2017-08-03 14:23:30,329 INFO o.a.j.t.JMeterThread: Thread is done: Thread Group 1-19
2017-08-03 14:23:30,329 INFO o.a.j.t.JMeterThread: Thread finished: Thread Group 1-19
2017-08-03 14:23:30,351 INFO o.a.j.t.JMeterThread: Thread started: Thread Group 1-20
2017-08-03 14:23:30,351 INFO o.a.j.t.JMeterThread: Thread is done: Thread Group 1-20
2017-08-03 14:23:30,351 INFO o.a.j.t.JMeterThread: Thread finished: Thread Group 1-20
2017-08-03 14:23:30,371 INFO o.a.j.t.JMeterThread: Thread started: Thread Group 1-21
2017-08-03 14:23:30,371 INFO o.a.j.t.JMeterThread: Thread is done: Thread Group 1-21
2017-08-03 14:23:30,371 INFO o.a.j.t.JMeterThread: Thread finished: Thread Group 1-21
2017-08-03 14:23:30,389 INFO o.a.j.t.JMeterThread: Thread started: Thread Group 1-22
2017-08-03 14:23:30,390 INFO o.a.j.t.JMeterThread: Thread is done: Thread Group 1-22
2017-08-03 14:23:30,390 INFO o.a.j.t.JMeterThread: Thread finished: Thread Group 1-22
2017-08-03 14:23:30,412 INFO o.a.j.t.JMeterThread: Thread started: Thread Group 1-23
2017-08-03 14:23:30,412 INFO o.a.j.t.JMeterThread: Thread is done: Thread Group 1-23
2017-08-03 14:23:30,412 INFO o.a.j.t.JMeterThread: Thread finished: Thread Group 1-23
2017-08-03 14:23:30,431 INFO o.a.j.t.JMeterThread: Thread started: Thread Group 1-24
2017-08-03 14:23:30,432 INFO o.a.j.t.JMeterThread: Thread is done: Thread Group 1-24
2017-08-03 14:23:30,432 INFO o.a.j.t.JMeterThread: Thread finished: Thread Group 1-24
2017-08-03 14:23:30,451 INFO o.a.j.t.JMeterThread: Thread started: Thread Group 1-25
2017-08-03 14:23:30,452 INFO o.a.j.t.JMeterThread: Thread is done: Thread Group 1-25
2017-08-03 14:23:30,452 INFO o.a.j.t.JMeterThread: Thread finished: Thread Group 1-25
2017-08-03 14:23:30,471 INFO o.a.j.t.JMeterThread: Thread started: Thread Group 1-26
2017-08-03 14:23:30,472 INFO o.a.j.t.JMeterThread: Thread is done: Thread Group 1-26
2017-08-03 14:23:30,472 INFO o.a.j.t.JMeterThread: Thread finished: Thread Group 1-26
2017-08-03 14:23:30,492 INFO o.a.j.t.JMeterThread: Thread started: Thread Group 1-27
2017-08-03 14:23:30,493 INFO o.a.j.t.JMeterThread: Thread is done: Thread Group 1-27
2017-08-03 14:23:30,493 INFO o.a.j.t.JMeterThread: Thread finished: Thread Group 1-27
2017-08-03 14:23:30,513 INFO o.a.j.t.JMeterThread: Thread started: Thread Group 1-28
2017-08-03 14:23:30,513 INFO o.a.j.t.JMeterThread: Thread is done: Thread Group 1-28
2017-08-03 14:23:30,513 INFO o.a.j.t.JMeterThread: Thread finished: Thread Group 1-28
2017-08-03 14:23:30,533 INFO o.a.j.t.JMeterThread: Thread started: Thread Group 1-29
2017-08-03 14:23:30,533 INFO o.a.j.t.JMeterThread: Thread is done: Thread Group 1-29
2017-08-03 14:23:30,534 INFO o.a.j.t.JMeterThread: Thread finished: Thread Group 1-29
2017-08-03 14:23:30,553 INFO o.a.j.t.JMeterThread: Thread started: Thread Group 1-30
2017-08-03 14:23:30,554 INFO o.a.j.t.JMeterThread: Thread is done: Thread Group 1-30
2017-08-03 14:23:30,554 INFO o.a.j.t.JMeterThread: Thread finished: Thread Group 1-30
2017-08-03 14:23:30,574 INFO o.a.j.t.JMeterThread: Thread started: Thread Group 1-31
2017-08-03 14:23:30,574 INFO o.a.j.t.JMeterThread: Thread is done: Thread Group 1-31
2017-08-03 14:23:30,574 INFO o.a.j.t.JMeterThread: Thread finished: Thread Group 1-31
2017-08-03 14:23:30,594 INFO o.a.j.t.JMeterThread: Thread started: Thread Group 1-32
2017-08-03 14:23:30,595 INFO o.a.j.t.JMeterThread: Thread is done: Thread Group 1-32
2017-08-03 14:23:30,595 INFO o.a.j.t.JMeterThread: Thread finished: Thread Group 1-32
2017-08-03 14:23:30,615 INFO o.a.j.t.JMeterThread: Thread started: Thread Group 1-33
2017-08-03 14:23:30,615 INFO o.a.j.t.JMeterThread: Thread is done: Thread Group 1-33
2017-08-03 14:23:30,615 INFO o.a.j.t.JMeterThread: Thread finished: Thread Group 1-33
2017-08-03 14:23:30,635 INFO o.a.j.t.JMeterThread: Thread started: Thread Group 1-34
2017-08-03 14:23:30,635 INFO o.a.j.t.JMeterThread: Thread is done: Thread Group 1-34
2017-08-03 14:23:30,635 INFO o.a.j.t.JMeterThread: Thread finished: Thread Group 1-34
2017-08-03 14:23:30,655 INFO o.a.j.t.JMeterThread: Thread started: Thread Group 1-35
2017-08-03 14:23:30,655 INFO o.a.j.t.JMeterThread: Thread is done: Thread Group 1-35
2017-08-03 14:23:30,655 INFO o.a.j.t.JMeterThread: Thread finished: Thread Group 1-35
2017-08-03 14:23:30,676 INFO o.a.j.t.JMeterThread: Thread started: Thread Group 1-36
2017-08-03 14:23:30,676 INFO o.a.j.t.JMeterThread: Thread is done: Thread Group 1-36
2017-08-03 14:23:30,676 INFO o.a.j.t.JMeterThread: Thread finished: Thread Group 1-36
2017-08-03 14:23:30,695 INFO o.a.j.t.JMeterThread: Thread started: Thread Group 1-37
2017-08-03 14:23:30,695 INFO o.a.j.t.JMeterThread: Thread is done: Thread Group 1-37
2017-08-03 14:23:30,696 INFO o.a.j.t.JMeterThread: Thread finished: Thread Group 1-37
2017-08-03 14:23:30,716 INFO o.a.j.t.JMeterThread: Thread started: Thread Group 1-38
2017-08-03 14:23:30,716 INFO o.a.j.t.JMeterThread: Thread is done: Thread Group 1-38
2017-08-03 14:23:30,716 INFO o.a.j.t.JMeterThread: Thread finished: Thread Group 1-38
2017-08-03 14:23:30,736 INFO o.a.j.t.JMeterThread: Thread started: Thread Group 1-39
2017-08-03 14:23:30,736 INFO o.a.j.t.JMeterThread: Thread is done: Thread Group 1-39
2017-08-03 14:23:30,736 INFO o.a.j.t.JMeterThread: Thread finished: Thread Group 1-39
2017-08-03 14:23:30,756 INFO o.a.j.t.JMeterThread: Thread started: Thread Group 1-40
2017-08-03 14:23:30,757 INFO o.a.j.t.JMeterThread: Thread is done: Thread Group 1-40
2017-08-03 14:23:30,757 INFO o.a.j.t.JMeterThread: Thread finished: Thread Group 1-40
2017-08-03 14:23:30,775 INFO o.a.j.t.JMeterThread: Thread started: Thread Group 1-41
2017-08-03 14:23:30,776 INFO o.a.j.t.JMeterThread: Thread is done: Thread Group 1-41
2017-08-03 14:23:30,776 INFO o.a.j.t.JMeterThread: Thread finished: Thread Group 1-41
2017-08-03 14:23:30,797 INFO o.a.j.t.JMeterThread: Thread started: Thread Group 1-42
2017-08-03 14:23:30,797 INFO o.a.j.t.JMeterThread: Thread is done: Thread Group 1-42
2017-08-03 14:23:30,797 INFO o.a.j.t.JMeterThread: Thread finished: Thread Group 1-42
2017-08-03 14:23:30,817 INFO o.a.j.t.JMeterThread: Thread started: Thread Group 1-43
2017-08-03 14:23:30,818 INFO o.a.j.t.JMeterThread: Thread is done: Thread Group 1-43
2017-08-03 14:23:30,818 INFO o.a.j.t.JMeterThread: Thread finished: Thread Group 1-43
2017-08-03 14:23:30,838 INFO o.a.j.t.JMeterThread: Thread started: Thread Group 1-44
2017-08-03 14:23:30,839 INFO o.a.j.t.JMeterThread: Thread is done: Thread Group 1-44
2017-08-03 14:23:30,839 INFO o.a.j.t.JMeterThread: Thread finished: Thread Group 1-44
2017-08-03 14:23:30,858 INFO o.a.j.t.JMeterThread: Thread started: Thread Group 1-45
2017-08-03 14:23:30,859 INFO o.a.j.t.JMeterThread: Thread is done: Thread Group 1-45
2017-08-03 14:23:30,859 INFO o.a.j.t.JMeterThread: Thread finished: Thread Group 1-45
2017-08-03 14:23:30,878 INFO o.a.j.t.JMeterThread: Thread started: Thread Group 1-46
2017-08-03 14:23:30,879 INFO o.a.j.t.JMeterThread: Thread is done: Thread Group 1-46
2017-08-03 14:23:30,879 INFO o.a.j.t.JMeterThread: Thread finished: Thread Group 1-46
2017-08-03 14:23:30,899 INFO o.a.j.t.JMeterThread: Thread started: Thread Group 1-47
2017-08-03 14:23:30,899 INFO o.a.j.t.JMeterThread: Thread is done: Thread Group 1-47
2017-08-03 14:23:30,900 INFO o.a.j.t.JMeterThread: Thread finished: Thread Group 1-47
2017-08-03 14:23:30,919 INFO o.a.j.t.JMeterThread: Thread started: Thread Group 1-48
2017-08-03 14:23:30,919 INFO o.a.j.t.JMeterThread: Thread is done: Thread Group 1-48
2017-08-03 14:23:30,920 INFO o.a.j.t.JMeterThread: Thread finished: Thread Group 1-48
2017-08-03 14:23:30,938 INFO o.a.j.t.JMeterThread: Thread started: Thread Group 1-49
2017-08-03 14:23:30,939 INFO o.a.j.t.JMeterThread: Thread is done: Thread Group 1-49
2017-08-03 14:23:30,939 INFO o.a.j.t.JMeterThread: Thread finished: Thread Group 1-49
2017-08-03 14:23:30,960 INFO o.a.j.t.JMeterThread: Thread started: Thread Group 1-50
2017-08-03 14:23:30,960 INFO o.a.j.t.JMeterThread: Thread is done: Thread Group 1-50
2017-08-03 14:23:30,960 INFO o.a.j.t.JMeterThread: Thread finished: Thread Group 1-50
2017-08-03 14:23:30,960 INFO o.a.j.e.StandardJMeterEngine: Notifying test listeners of end of test
2017-08-03 14:23:30,961 INFO o.a.j.g.u.JMeterMenuBar: setRunning(false, *local*)
2017-08-03 14:23:40,608 INFO o.a.j.s.SaveService: Testplan (JMX) version: 2.2. Testlog (JTL) version: 2.2
2017-08-03 14:23:40,627 INFO o.a.j.s.SaveService: Using SaveService properties file encoding UTF-8
2017-08-03 14:23:40,628 INFO o.a.j.s.SaveService: Using SaveService properties version 3.2
2017-08-03 14:23:48,044 INFO o.a.j.s.FileServer: Set new base='/Users/jamesmccallum/Documents/jmeter'
2017-08-03 14:23:48,070 INFO o.a.j.e.StandardJMeterEngine: Running the test!
2017-08-03 14:23:48,071 INFO o.a.j.s.SampleEvent: List of sample_variables: []
2017-08-03 14:23:48,072 INFO o.a.j.g.u.JMeterMenuBar: setRunning(true, *local*)
2017-08-03 14:23:48,170 INFO o.a.j.e.StandardJMeterEngine: Starting ThreadGroup: 1 : Thread Group
2017-08-03 14:23:48,170 INFO o.a.j.e.StandardJMeterEngine: Starting 50 threads for group Thread Group.
2017-08-03 14:23:48,170 INFO o.a.j.e.StandardJMeterEngine: Thread will continue on error
2017-08-03 14:23:48,170 INFO o.a.j.t.ThreadGroup: Starting thread group... number=1 threads=50 ramp-up=1 perThread=20.0 delayedStart=false
2017-08-03 14:23:48,171 INFO o.a.j.t.JMeterThread: Thread started: Thread Group 1-1
2017-08-03 14:23:48,172 INFO o.a.j.t.JMeterThread: Thread is done: Thread Group 1-1
2017-08-03 14:23:48,172 INFO o.a.j.t.JMeterThread: Thread finished: Thread Group 1-1
2017-08-03 14:23:48,183 INFO o.a.j.t.ThreadGroup: Started thread group number 1
2017-08-03 14:23:48,183 INFO o.a.j.e.StandardJMeterEngine: All thread groups have been started
2017-08-03 14:23:48,195 INFO o.a.j.t.JMeterThread: Thread started: Thread Group 1-2
2017-08-03 14:23:48,195 INFO o.a.j.t.JMeterThread: Thread is done: Thread Group 1-2
2017-08-03 14:23:48,196 INFO o.a.j.t.JMeterThread: Thread finished: Thread Group 1-2
2017-08-03 14:23:48,215 INFO o.a.j.t.JMeterThread: Thread started: Thread Group 1-3
2017-08-03 14:23:48,216 INFO o.a.j.t.JMeterThread: Thread is done: Thread Group 1-3
2017-08-03 14:23:48,217 INFO o.a.j.t.JMeterThread: Thread finished: Thread Group 1-3
2017-08-03 14:23:48,236 INFO o.a.j.t.JMeterThread: Thread started: Thread Group 1-4
2017-08-03 14:23:48,237 INFO o.a.j.t.JMeterThread: Thread is done: Thread Group 1-4
2017-08-03 14:23:48,237 INFO o.a.j.t.JMeterThread: Thread finished: Thread Group 1-4
2017-08-03 14:23:48,255 INFO o.a.j.t.JMeterThread: Thread started: Thread Group 1-5
2017-08-03 14:23:48,255 INFO o.a.j.t.JMeterThread: Thread is done: Thread Group 1-5
2017-08-03 14:23:48,255 INFO o.a.j.t.JMeterThread: Thread finished: Thread Group 1-5
2017-08-03 14:23:48,278 INFO o.a.j.t.JMeterThread: Thread started: Thread Group 1-6
2017-08-03 14:23:48,278 INFO o.a.j.t.JMeterThread: Thread is done: Thread Group 1-6
2017-08-03 14:23:48,278 INFO o.a.j.t.JMeterThread: Thread finished: Thread Group 1-6
2017-08-03 14:23:48,297 INFO o.a.j.t.JMeterThread: Thread started: Thread Group 1-7
2017-08-03 14:23:48,298 INFO o.a.j.t.JMeterThread: Thread is done: Thread Group 1-7
2017-08-03 14:23:48,298 INFO o.a.j.t.JMeterThread: Thread finished: Thread Group 1-7
2017-08-03 14:23:48,317 INFO o.a.j.t.JMeterThread: Thread started: Thread Group 1-8
2017-08-03 14:23:48,318 INFO o.a.j.t.JMeterThread: Thread is done: Thread Group 1-8
2017-08-03 14:23:48,318 INFO o.a.j.t.JMeterThread: Thread finished: Thread Group 1-8
2017-08-03 14:23:48,338 INFO o.a.j.t.JMeterThread: Thread started: Thread Group 1-9
2017-08-03 14:23:48,339 INFO o.a.j.t.JMeterThread: Thread is done: Thread Group 1-9
2017-08-03 14:23:48,339 INFO o.a.j.t.JMeterThread: Thread finished: Thread Group 1-9
2017-08-03 14:23:48,359 INFO o.a.j.t.JMeterThread: Thread started: Thread Group 1-10
2017-08-03 14:23:48,359 INFO o.a.j.t.JMeterThread: Thread is done: Thread Group 1-10
2017-08-03 14:23:48,359 INFO o.a.j.t.JMeterThread: Thread finished: Thread Group 1-10
2017-08-03 14:23:48,377 INFO o.a.j.t.JMeterThread: Thread started: Thread Group 1-11
2017-08-03 14:23:48,377 INFO o.a.j.t.JMeterThread: Thread is done: Thread Group 1-11
2017-08-03 14:23:48,377 INFO o.a.j.t.JMeterThread: Thread finished: Thread Group 1-11
2017-08-03 14:23:48,398 INFO o.a.j.t.JMeterThread: Thread started: Thread Group 1-12
2017-08-03 14:23:48,398 INFO o.a.j.t.JMeterThread: Thread is done: Thread Group 1-12
2017-08-03 14:23:48,398 INFO o.a.j.t.JMeterThread: Thread finished: Thread Group 1-12
2017-08-03 14:23:48,418 INFO o.a.j.t.JMeterThread: Thread started: Thread Group 1-13
2017-08-03 14:23:48,419 INFO o.a.j.t.JMeterThread: Thread is done: Thread Group 1-13
2017-08-03 14:23:48,419 INFO o.a.j.t.JMeterThread: Thread finished: Thread Group 1-13
2017-08-03 14:23:48,439 INFO o.a.j.t.JMeterThread: Thread started: Thread Group 1-14
2017-08-03 14:23:48,440 INFO o.a.j.t.JMeterThread: Thread is done: Thread Group 1-14
2017-08-03 14:23:48,440 INFO o.a.j.t.JMeterThread: Thread finished: Thread Group 1-14
2017-08-03 14:23:48,460 INFO o.a.j.t.JMeterThread: Thread started: Thread Group 1-15
2017-08-03 14:23:48,460 INFO o.a.j.t.JMeterThread: Thread is done: Thread Group 1-15
2017-08-03 14:23:48,460 INFO o.a.j.t.JMeterThread: Thread finished: Thread Group 1-15
2017-08-03 14:23:48,480 INFO o.a.j.t.JMeterThread: Thread started: Thread Group 1-16
2017-08-03 14:23:48,480 INFO o.a.j.t.JMeterThread: Thread is done: Thread Group 1-16
2017-08-03 14:23:48,480 INFO o.a.j.t.JMeterThread: Thread finished: Thread Group 1-16
2017-08-03 14:23:48,500 INFO o.a.j.t.JMeterThread: Thread started: Thread Group 1-17
2017-08-03 14:23:48,500 INFO o.a.j.t.JMeterThread: Thread is done: Thread Group 1-17
2017-08-03 14:23:48,500 INFO o.a.j.t.JMeterThread: Thread finished: Thread Group 1-17
2017-08-03 14:23:48,520 INFO o.a.j.t.JMeterThread: Thread started: Thread Group 1-18
2017-08-03 14:23:48,521 INFO o.a.j.t.JMeterThread: Thread is done: Thread Group 1-18
2017-08-03 14:23:48,521 INFO o.a.j.t.JMeterThread: Thread finished: Thread Group 1-18
2017-08-03 14:23:48,540 INFO o.a.j.t.JMeterThread: Thread started: Thread Group 1-19
2017-08-03 14:23:48,541 INFO o.a.j.t.JMeterThread: Thread is done: Thread Group 1-19
2017-08-03 14:23:48,541 INFO o.a.j.t.JMeterThread: Thread finished: Thread Group 1-19
2017-08-03 14:23:48,560 INFO o.a.j.t.JMeterThread: Thread started: Thread Group 1-20
2017-08-03 14:23:48,561 INFO o.a.j.t.JMeterThread: Thread is done: Thread Group 1-20
2017-08-03 14:23:48,561 INFO o.a.j.t.JMeterThread: Thread finished: Thread Group 1-20
2017-08-03 14:23:48,580 INFO o.a.j.t.JMeterThread: Thread started: Thread Group 1-21
2017-08-03 14:23:48,581 INFO o.a.j.t.JMeterThread: Thread is done: Thread Group 1-21
2017-08-03 14:23:48,581 INFO o.a.j.t.JMeterThread: Thread finished: Thread Group 1-21
2017-08-03 14:23:48,601 INFO o.a.j.t.JMeterThread: Thread started: Thread Group 1-22
2017-08-03 14:23:48,602 INFO o.a.j.t.JMeterThread: Thread is done: Thread Group 1-22
2017-08-03 14:23:48,602 INFO o.a.j.t.JMeterThread: Thread finished: Thread Group 1-22
2017-08-03 14:23:48,620 INFO o.a.j.t.JMeterThread: Thread started: Thread Group 1-23
2017-08-03 14:23:48,621 INFO o.a.j.t.JMeterThread: Thread is done: Thread Group 1-23
2017-08-03 14:23:48,621 INFO o.a.j.t.JMeterThread: Thread finished: Thread Group 1-23
2017-08-03 14:23:48,641 INFO o.a.j.t.JMeterThread: Thread started: Thread Group 1-24
2017-08-03 14:23:48,641 INFO o.a.j.t.JMeterThread: Thread is done: Thread Group 1-24
2017-08-03 14:23:48,641 INFO o.a.j.t.JMeterThread: Thread finished: Thread Group 1-24
2017-08-03 14:23:48,662 INFO o.a.j.t.JMeterThread: Thread started: Thread Group 1-25
2017-08-03 14:23:48,662 INFO o.a.j.t.JMeterThread: Thread is done: Thread Group 1-25
2017-08-03 14:23:48,662 INFO o.a.j.t.JMeterThread: Thread finished: Thread Group 1-25
2017-08-03 14:23:48,682 INFO o.a.j.t.JMeterThread: Thread started: Thread Group 1-26
2017-08-03 14:23:48,682 INFO o.a.j.t.JMeterThread: Thread is done: Thread Group 1-26
2017-08-03 14:23:48,682 INFO o.a.j.t.JMeterThread: Thread finished: Thread Group 1-26
2017-08-03 14:23:48,701 INFO o.a.j.t.JMeterThread: Thread started: Thread Group 1-27
2017-08-03 14:23:48,701 INFO o.a.j.t.JMeterThread: Thread is done: Thread Group 1-27
2017-08-03 14:23:48,702 INFO o.a.j.t.JMeterThread: Thread finished: Thread Group 1-27
2017-08-03 14:23:48,722 INFO o.a.j.t.JMeterThread: Thread started: Thread Group 1-28
2017-08-03 14:23:48,722 INFO o.a.j.t.JMeterThread: Thread is done: Thread Group 1-28
2017-08-03 14:23:48,722 INFO o.a.j.t.JMeterThread: Thread finished: Thread Group 1-28
2017-08-03 14:23:48,741 INFO o.a.j.t.JMeterThread: Thread started: Thread Group 1-29
2017-08-03 14:23:48,741 INFO o.a.j.t.JMeterThread: Thread is done: Thread Group 1-29
2017-08-03 14:23:48,741 INFO o.a.j.t.JMeterThread: Thread finished: Thread Group 1-29
2017-08-03 14:23:48,763 INFO o.a.j.t.JMeterThread: Thread started: Thread Group 1-30
2017-08-03 14:23:48,763 INFO o.a.j.t.JMeterThread: Thread is done: Thread Group 1-30
2017-08-03 14:23:48,764 INFO o.a.j.t.JMeterThread: Thread finished: Thread Group 1-30
2017-08-03 14:23:48,782 INFO o.a.j.t.JMeterThread: Thread started: Thread Group 1-31
2017-08-03 14:23:48,782 INFO o.a.j.t.JMeterThread: Thread is done: Thread Group 1-31
2017-08-03 14:23:48,783 INFO o.a.j.t.JMeterThread: Thread finished: Thread Group 1-31
2017-08-03 14:23:48,802 INFO o.a.j.t.JMeterThread: Thread started: Thread Group 1-32
2017-08-03 14:23:48,803 INFO o.a.j.t.JMeterThread: Thread is done: Thread Group 1-32
2017-08-03 14:23:48,803 INFO o.a.j.t.JMeterThread: Thread finished: Thread Group 1-32
2017-08-03 14:23:48,823 INFO o.a.j.t.JMeterThread: Thread started: Thread Group 1-33
2017-08-03 14:23:48,823 INFO o.a.j.t.JMeterThread: Thread is done: Thread Group 1-33
2017-08-03 14:23:48,824 INFO o.a.j.t.JMeterThread: Thread finished: Thread Group 1-33
2017-08-03 14:23:48,844 INFO o.a.j.t.JMeterThread: Thread started: Thread Group 1-34
2017-08-03 14:23:48,844 INFO o.a.j.t.JMeterThread: Thread is done: Thread Group 1-34
2017-08-03 14:23:48,844 INFO o.a.j.t.JMeterThread: Thread finished: Thread Group 1-34
2017-08-03 14:23:48,863 INFO o.a.j.t.JMeterThread: Thread started: Thread Group 1-35
2017-08-03 14:23:48,864 INFO o.a.j.t.JMeterThread: Thread is done: Thread Group 1-35
2017-08-03 14:23:48,864 INFO o.a.j.t.JMeterThread: Thread finished: Thread Group 1-35
2017-08-03 14:23:48,884 INFO o.a.j.t.JMeterThread: Thread started: Thread Group 1-36
2017-08-03 14:23:48,885 INFO o.a.j.t.JMeterThread: Thread is done: Thread Group 1-36
2017-08-03 14:23:48,885 INFO o.a.j.t.JMeterThread: Thread finished: Thread Group 1-36
2017-08-03 14:23:48,904 INFO o.a.j.t.JMeterThread: Thread started: Thread Group 1-37
2017-08-03 14:23:48,904 INFO o.a.j.t.JMeterThread: Thread is done: Thread Group 1-37
2017-08-03 14:23:48,904 INFO o.a.j.t.JMeterThread: Thread finished: Thread Group 1-37
2017-08-03 14:23:48,922 INFO o.a.j.t.JMeterThread: Thread started: Thread Group 1-38
2017-08-03 14:23:48,922 INFO o.a.j.t.JMeterThread: Thread is done: Thread Group 1-38
2017-08-03 14:23:48,922 INFO o.a.j.t.JMeterThread: Thread finished: Thread Group 1-38
2017-08-03 14:23:48,944 INFO o.a.j.t.JMeterThread: Thread started: Thread Group 1-39
2017-08-03 14:23:48,945 INFO o.a.j.t.JMeterThread: Thread is done: Thread Group 1-39
2017-08-03 14:23:48,945 INFO o.a.j.t.JMeterThread: Thread finished: Thread Group 1-39
2017-08-03 14:23:48,965 INFO o.a.j.t.JMeterThread: Thread started: Thread Group 1-40
2017-08-03 14:23:48,965 INFO o.a.j.t.JMeterThread: Thread is done: Thread Group 1-40
2017-08-03 14:23:48,965 INFO o.a.j.t.JMeterThread: Thread finished: Thread Group 1-40
2017-08-03 14:23:48,985 INFO o.a.j.t.JMeterThread: Thread started: Thread Group 1-41
2017-08-03 14:23:48,985 INFO o.a.j.t.JMeterThread: Thread is done: Thread Group 1-41
2017-08-03 14:23:48,985 INFO o.a.j.t.JMeterThread: Thread finished: Thread Group 1-41
2017-08-03 14:23:49,006 INFO o.a.j.t.JMeterThread: Thread started: Thread Group 1-42
2017-08-03 14:23:49,006 INFO o.a.j.t.JMeterThread: Thread is done: Thread Group 1-42
2017-08-03 14:23:49,006 INFO o.a.j.t.JMeterThread: Thread finished: Thread Group 1-42
2017-08-03 14:23:49,025 INFO o.a.j.t.JMeterThread: Thread started: Thread Group 1-43
2017-08-03 14:23:49,025 INFO o.a.j.t.JMeterThread: Thread is done: Thread Group 1-43
2017-08-03 14:23:49,025 INFO o.a.j.t.JMeterThread: Thread finished: Thread Group 1-43
2017-08-03 14:23:49,046 INFO o.a.j.t.JMeterThread: Thread started: Thread Group 1-44
2017-08-03 14:23:49,046 INFO o.a.j.t.JMeterThread: Thread is done: Thread Group 1-44
2017-08-03 14:23:49,046 INFO o.a.j.t.JMeterThread: Thread finished: Thread Group 1-44
2017-08-03 14:23:49,066 INFO o.a.j.t.JMeterThread: Thread started: Thread Group 1-45
2017-08-03 14:23:49,066 INFO o.a.j.t.JMeterThread: Thread is done: Thread Group 1-45
2017-08-03 14:23:49,067 INFO o.a.j.t.JMeterThread: Thread finished: Thread Group 1-45
2017-08-03 14:23:49,086 INFO o.a.j.t.JMeterThread: Thread started: Thread Group 1-46
2017-08-03 14:23:49,087 INFO o.a.j.t.JMeterThread: Thread is done: Thread Group 1-46
2017-08-03 14:23:49,087 INFO o.a.j.t.JMeterThread: Thread finished: Thread Group 1-46
2017-08-03 14:23:49,106 INFO o.a.j.t.JMeterThread: Thread started: Thread Group 1-47
2017-08-03 14:23:49,107 INFO o.a.j.t.JMeterThread: Thread is done: Thread Group 1-47
2017-08-03 14:23:49,107 INFO o.a.j.t.JMeterThread: Thread finished: Thread Group 1-47
2017-08-03 14:23:49,126 INFO o.a.j.t.JMeterThread: Thread started: Thread Group 1-48
2017-08-03 14:23:49,126 INFO o.a.j.t.JMeterThread: Thread is done: Thread Group 1-48
2017-08-03 14:23:49,126 INFO o.a.j.t.JMeterThread: Thread finished: Thread Group 1-48
2017-08-03 14:23:49,146 INFO o.a.j.t.JMeterThread: Thread started: Thread Group 1-49
2017-08-03 14:23:49,147 INFO o.a.j.t.JMeterThread: Thread is done: Thread Group 1-49
2017-08-03 14:23:49,147 INFO o.a.j.t.JMeterThread: Thread finished: Thread Group 1-49
2017-08-03 14:23:49,168 INFO o.a.j.t.JMeterThread: Thread started: Thread Group 1-50
2017-08-03 14:23:49,168 INFO o.a.j.t.JMeterThread: Thread is done: Thread Group 1-50
2017-08-03 14:23:49,168 INFO o.a.j.t.JMeterThread: Thread finished: Thread Group 1-50
2017-08-03 14:23:49,168 INFO o.a.j.e.StandardJMeterEngine: Notifying test listeners of end of test
2017-08-03 14:23:49,168 INFO o.a.j.g.u.JMeterMenuBar: setRunning(false, *local*)
2017-08-03 14:23:52,939 INFO o.a.j.e.StandardJMeterEngine: Running the test!
2017-08-03 14:23:52,940 INFO o.a.j.s.SampleEvent: List of sample_variables: []
2017-08-03 14:23:52,940 INFO o.a.j.g.u.JMeterMenuBar: setRunning(true, *local*)
2017-08-03 14:23:53,032 INFO o.a.j.e.StandardJMeterEngine: Starting ThreadGroup: 1 : Thread Group
2017-08-03 14:23:53,032 INFO o.a.j.e.StandardJMeterEngine: Starting 50 threads for group Thread Group.
2017-08-03 14:23:53,032 INFO o.a.j.e.StandardJMeterEngine: Thread will continue on error
2017-08-03 14:23:53,032 INFO o.a.j.t.ThreadGroup: Starting thread group... number=1 threads=50 ramp-up=1 perThread=20.0 delayedStart=false
2017-08-03 14:23:53,033 INFO o.a.j.t.JMeterThread: Thread started: Thread Group 1-1
2017-08-03 14:23:53,033 INFO o.a.j.t.JMeterThread: Thread is done: Thread Group 1-1
2017-08-03 14:23:53,033 INFO o.a.j.t.JMeterThread: Thread finished: Thread Group 1-1
2017-08-03 14:23:53,041 INFO o.a.j.t.ThreadGroup: Started thread group number 1
2017-08-03 14:23:53,041 INFO o.a.j.e.StandardJMeterEngine: All thread groups have been started
2017-08-03 14:23:53,056 INFO o.a.j.t.JMeterThread: Thread started: Thread Group 1-2
2017-08-03 14:23:53,056 INFO o.a.j.t.JMeterThread: Thread is done: Thread Group 1-2
2017-08-03 14:23:53,056 INFO o.a.j.t.JMeterThread: Thread finished: Thread Group 1-2
2017-08-03 14:23:53,078 INFO o.a.j.t.JMeterThread: Thread started: Thread Group 1-3
2017-08-03 14:23:53,078 INFO o.a.j.t.JMeterThread: Thread is done: Thread Group 1-3
2017-08-03 14:23:53,079 INFO o.a.j.t.JMeterThread: Thread finished: Thread Group 1-3
2017-08-03 14:23:53,098 INFO o.a.j.t.JMeterThread: Thread started: Thread Group 1-4
2017-08-03 14:23:53,098 INFO o.a.j.t.JMeterThread: Thread is done: Thread Group 1-4
2017-08-03 14:23:53,098 INFO o.a.j.t.JMeterThread: Thread finished: Thread Group 1-4
2017-08-03 14:23:53,118 INFO o.a.j.t.JMeterThread: Thread started: Thread Group 1-5
2017-08-03 14:23:53,118 INFO o.a.j.t.JMeterThread: Thread is done: Thread Group 1-5
2017-08-03 14:23:53,118 INFO o.a.j.t.JMeterThread: Thread finished: Thread Group 1-5
2017-08-03 14:23:53,138 INFO o.a.j.t.JMeterThread: Thread started: Thread Group 1-6
2017-08-03 14:23:53,138 INFO o.a.j.t.JMeterThread: Thread is done: Thread Group 1-6
2017-08-03 14:23:53,139 INFO o.a.j.t.JMeterThread: Thread finished: Thread Group 1-6
2017-08-03 14:23:53,158 INFO o.a.j.t.JMeterThread: Thread started: Thread Group 1-7
2017-08-03 14:23:53,158 INFO o.a.j.t.JMeterThread: Thread is done: Thread Group 1-7
2017-08-03 14:23:53,158 INFO o.a.j.t.JMeterThread: Thread finished: Thread Group 1-7
2017-08-03 14:23:53,179 INFO o.a.j.t.JMeterThread: Thread started: Thread Group 1-8
2017-08-03 14:23:53,179 INFO o.a.j.t.JMeterThread: Thread is done: Thread Group 1-8
2017-08-03 14:23:53,179 INFO o.a.j.t.JMeterThread: Thread finished: Thread Group 1-8
2017-08-03 14:23:53,199 INFO o.a.j.t.JMeterThread: Thread started: Thread Group 1-9
2017-08-03 14:23:53,199 INFO o.a.j.t.JMeterThread: Thread is done: Thread Group 1-9
2017-08-03 14:23:53,199 INFO o.a.j.t.JMeterThread: Thread finished: Thread Group 1-9
2017-08-03 14:23:53,217 INFO o.a.j.t.JMeterThread: Thread started: Thread Group 1-10
2017-08-03 14:23:53,217 INFO o.a.j.t.JMeterThread: Thread is done: Thread Group 1-10
2017-08-03 14:23:53,217 INFO o.a.j.t.JMeterThread: Thread finished: Thread Group 1-10
2017-08-03 14:23:53,239 INFO o.a.j.t.JMeterThread: Thread started: Thread Group 1-11
2017-08-03 14:23:53,239 INFO o.a.j.t.JMeterThread: Thread is done: Thread Group 1-11
2017-08-03 14:23:53,240 INFO o.a.j.t.JMeterThread: Thread finished: Thread Group 1-11
2017-08-03 14:23:53,259 INFO o.a.j.t.JMeterThread: Thread started: Thread Group 1-12
2017-08-03 14:23:53,259 INFO o.a.j.t.JMeterThread: Thread is done: Thread Group 1-12
2017-08-03 14:23:53,259 INFO o.a.j.t.JMeterThread: Thread finished: Thread Group 1-12
2017-08-03 14:23:53,279 INFO o.a.j.t.JMeterThread: Thread started: Thread Group 1-13
2017-08-03 14:23:53,280 INFO o.a.j.t.JMeterThread: Thread is done: Thread Group 1-13
2017-08-03 14:23:53,280 INFO o.a.j.t.JMeterThread: Thread finished: Thread Group 1-13
2017-08-03 14:23:53,300 INFO o.a.j.t.JMeterThread: Thread started: Thread Group 1-14
2017-08-03 14:23:53,300 INFO o.a.j.t.JMeterThread: Thread is done: Thread Group 1-14
2017-08-03 14:23:53,300 INFO o.a.j.t.JMeterThread: Thread finished: Thread Group 1-14
2017-08-03 14:23:53,319 INFO o.a.j.t.JMeterThread: Thread started: Thread Group 1-15
2017-08-03 14:23:53,320 INFO o.a.j.t.JMeterThread: Thread is done: Thread Group 1-15
2017-08-03 14:23:53,320 INFO o.a.j.t.JMeterThread: Thread finished: Thread Group 1-15
2017-08-03 14:23:53,340 INFO o.a.j.t.JMeterThread: Thread started: Thread Group 1-16
2017-08-03 14:23:53,340 INFO o.a.j.t.JMeterThread: Thread is done: Thread Group 1-16
2017-08-03 14:23:53,340 INFO o.a.j.t.JMeterThread: Thread finished: Thread Group 1-16
2017-08-03 14:23:53,361 INFO o.a.j.t.JMeterThread: Thread started: Thread Group 1-17
2017-08-03 14:23:53,361 INFO o.a.j.t.JMeterThread: Thread is done: Thread Group 1-17
2017-08-03 14:23:53,361 INFO o.a.j.t.JMeterThread: Thread finished: Thread Group 1-17
2017-08-03 14:23:53,380 INFO o.a.j.t.JMeterThread: Thread started: Thread Group 1-18
2017-08-03 14:23:53,381 INFO o.a.j.t.JMeterThread: Thread is done: Thread Group 1-18
2017-08-03 14:23:53,381 INFO o.a.j.t.JMeterThread: Thread finished: Thread Group 1-18
2017-08-03 14:23:53,400 INFO o.a.j.t.JMeterThread: Thread started: Thread Group 1-19
2017-08-03 14:23:53,400 INFO o.a.j.t.JMeterThread: Thread is done: Thread Group 1-19
2017-08-03 14:23:53,400 INFO o.a.j.t.JMeterThread: Thread finished: Thread Group 1-19
2017-08-03 14:23:53,421 INFO o.a.j.t.JMeterThread: Thread started: Thread Group 1-20
2017-08-03 14:23:53,421 INFO o.a.j.t.JMeterThread: Thread is done: Thread Group 1-20
2017-08-03 14:23:53,421 INFO o.a.j.t.JMeterThread: Thread finished: Thread Group 1-20
2017-08-03 14:23:53,441 INFO o.a.j.t.JMeterThread: Thread started: Thread Group 1-21
2017-08-03 14:23:53,441 INFO o.a.j.t.JMeterThread: Thread is done: Thread Group 1-21
2017-08-03 14:23:53,442 INFO o.a.j.t.JMeterThread: Thread finished: Thread Group 1-21
2017-08-03 14:23:53,461 INFO o.a.j.t.JMeterThread: Thread started: Thread Group 1-22
2017-08-03 14:23:53,462 INFO o.a.j.t.JMeterThread: Thread is done: Thread Group 1-22
2017-08-03 14:23:53,462 INFO o.a.j.t.JMeterThread: Thread finished: Thread Group 1-22
2017-08-03 14:23:53,482 INFO o.a.j.t.JMeterThread: Thread started: Thread Group 1-23
2017-08-03 14:23:53,482 INFO o.a.j.t.JMeterThread: Thread is done: Thread Group 1-23
2017-08-03 14:23:53,482 INFO o.a.j.t.JMeterThread: Thread finished: Thread Group 1-23
2017-08-03 14:23:53,502 INFO o.a.j.t.JMeterThread: Thread started: Thread Group 1-24
2017-08-03 14:23:53,502 INFO o.a.j.t.JMeterThread: Thread is done: Thread Group 1-24
2017-08-03 14:23:53,502 INFO o.a.j.t.JMeterThread: Thread finished: Thread Group 1-24
2017-08-03 14:23:53,522 INFO o.a.j.t.JMeterThread: Thread started: Thread Group 1-25
2017-08-03 14:23:53,523 INFO o.a.j.t.JMeterThread: Thread is done: Thread Group 1-25
2017-08-03 14:23:53,523 INFO o.a.j.t.JMeterThread: Thread finished: Thread Group 1-25
2017-08-03 14:23:53,541 INFO o.a.j.t.JMeterThread: Thread started: Thread Group 1-26
2017-08-03 14:23:53,542 INFO o.a.j.t.JMeterThread: Thread is done: Thread Group 1-26
2017-08-03 14:23:53,542 INFO o.a.j.t.JMeterThread: Thread finished: Thread Group 1-26
2017-08-03 14:23:53,562 INFO o.a.j.t.JMeterThread: Thread started: Thread Group 1-27
2017-08-03 14:23:53,563 INFO o.a.j.t.JMeterThread: Thread is done: Thread Group 1-27
2017-08-03 14:23:53,563 INFO o.a.j.t.JMeterThread: Thread finished: Thread Group 1-27
2017-08-03 14:23:53,582 INFO o.a.j.t.JMeterThread: Thread started: Thread Group 1-28
2017-08-03 14:23:53,583 INFO o.a.j.t.JMeterThread: Thread is done: Thread Group 1-28
2017-08-03 14:23:53,583 INFO o.a.j.t.JMeterThread: Thread finished: Thread Group 1-28
2017-08-03 14:23:53,602 INFO o.a.j.t.JMeterThread: Thread started: Thread Group 1-29
2017-08-03 14:23:53,603 INFO o.a.j.t.JMeterThread: Thread is done: Thread Group 1-29
2017-08-03 14:23:53,603 INFO o.a.j.t.JMeterThread: Thread finished: Thread Group 1-29
2017-08-03 14:23:53,622 INFO o.a.j.t.JMeterThread: Thread started: Thread Group 1-30
2017-08-03 14:23:53,623 INFO o.a.j.t.JMeterThread: Thread is done: Thread Group 1-30
2017-08-03 14:23:53,623 INFO o.a.j.t.JMeterThread: Thread finished: Thread Group 1-30
2017-08-03 14:23:53,642 INFO o.a.j.t.JMeterThread: Thread started: Thread Group 1-31
2017-08-03 14:23:53,643 INFO o.a.j.t.JMeterThread: Thread is done: Thread Group 1-31
2017-08-03 14:23:53,643 INFO o.a.j.t.JMeterThread: Thread finished: Thread Group 1-31
2017-08-03 14:23:53,663 INFO o.a.j.t.JMeterThread: Thread started: Thread Group 1-32
2017-08-03 14:23:53,663 INFO o.a.j.t.JMeterThread: Thread is done: Thread Group 1-32
2017-08-03 14:23:53,663 INFO o.a.j.t.JMeterThread: Thread finished: Thread Group 1-32
2017-08-03 14:23:53,683 INFO o.a.j.t.JMeterThread: Thread started: Thread Group 1-33
2017-08-03 14:23:53,683 INFO o.a.j.t.JMeterThread: Thread is done: Thread Group 1-33
2017-08-03 14:23:53,683 INFO o.a.j.t.JMeterThread: Thread finished: Thread Group 1-33
2017-08-03 14:23:53,704 INFO o.a.j.t.JMeterThread: Thread started: Thread Group 1-34
2017-08-03 14:23:53,704 INFO o.a.j.t.JMeterThread: Thread is done: Thread Group 1-34
2017-08-03 14:23:53,704 INFO o.a.j.t.JMeterThread: Thread finished: Thread Group 1-34
2017-08-03 14:23:53,722 INFO o.a.j.t.JMeterThread: Thread started: Thread Group 1-35
2017-08-03 14:23:53,722 INFO o.a.j.t.JMeterThread: Thread is done: Thread Group 1-35
2017-08-03 14:23:53,723 INFO o.a.j.t.JMeterThread: Thread finished: Thread Group 1-35
2017-08-03 14:23:53,744 INFO o.a.j.t.JMeterThread: Thread started: Thread Group 1-36
2017-08-03 14:23:53,744 INFO o.a.j.t.JMeterThread: Thread is done: Thread Group 1-36
2017-08-03 14:23:53,744 INFO o.a.j.t.JMeterThread: Thread finished: Thread Group 1-36
2017-08-03 14:23:53,763 INFO o.a.j.t.JMeterThread: Thread started: Thread Group 1-37
2017-08-03 14:23:53,763 INFO o.a.j.t.JMeterThread: Thread is done: Thread Group 1-37
2017-08-03 14:23:53,763 INFO o.a.j.t.JMeterThread: Thread finished: Thread Group 1-37
2017-08-03 14:23:53,783 INFO o.a.j.t.JMeterThread: Thread started: Thread Group 1-38
2017-08-03 14:23:53,783 INFO o.a.j.t.JMeterThread: Thread is done: Thread Group 1-38
2017-08-03 14:23:53,783 INFO o.a.j.t.JMeterThread: Thread finished: Thread Group 1-38
2017-08-03 14:23:53,804 INFO o.a.j.t.JMeterThread: Thread started: Thread Group 1-39
2017-08-03 14:23:53,804 INFO o.a.j.t.JMeterThread: Thread is done: Thread Group 1-39
2017-08-03 14:23:53,804 INFO o.a.j.t.JMeterThread: Thread finished: Thread Group 1-39
2017-08-03 14:23:53,824 INFO o.a.j.t.JMeterThread: Thread started: Thread Group 1-40
2017-08-03 14:23:53,825 INFO o.a.j.t.JMeterThread: Thread is done: Thread Group 1-40
2017-08-03 14:23:53,825 INFO o.a.j.t.JMeterThread: Thread finished: Thread Group 1-40
2017-08-03 14:23:53,844 INFO o.a.j.t.JMeterThread: Thread started: Thread Group 1-41
2017-08-03 14:23:53,844 INFO o.a.j.t.JMeterThread: Thread is done: Thread Group 1-41
2017-08-03 14:23:53,844 INFO o.a.j.t.JMeterThread: Thread finished: Thread Group 1-41
2017-08-03 14:23:53,865 INFO o.a.j.t.JMeterThread: Thread started: Thread Group 1-42
2017-08-03 14:23:53,865 INFO o.a.j.t.JMeterThread: Thread is done: Thread Group 1-42
2017-08-03 14:23:53,865 INFO o.a.j.t.JMeterThread: Thread finished: Thread Group 1-42
2017-08-03 14:23:53,883 INFO o.a.j.t.JMeterThread: Thread started: Thread Group 1-43
2017-08-03 14:23:53,883 INFO o.a.j.t.JMeterThread: Thread is done: Thread Group 1-43
2017-08-03 14:23:53,883 INFO o.a.j.t.JMeterThread: Thread finished: Thread Group 1-43
2017-08-03 14:23:53,905 INFO o.a.j.t.JMeterThread: Thread started: Thread Group 1-44
2017-08-03 14:23:53,905 INFO o.a.j.t.JMeterThread: Thread is done: Thread Group 1-44
2017-08-03 14:23:53,905 INFO o.a.j.t.JMeterThread: Thread finished: Thread Group 1-44
2017-08-03 14:23:53,925 INFO o.a.j.t.JMeterThread: Thread started: Thread Group 1-45
2017-08-03 14:23:53,925 INFO o.a.j.t.JMeterThread: Thread is done: Thread Group 1-45
2017-08-03 14:23:53,925 INFO o.a.j.t.JMeterThread: Thread finished: Thread Group 1-45
2017-08-03 14:23:53,945 INFO o.a.j.t.JMeterThread: Thread started: Thread Group 1-46
2017-08-03 14:23:53,946 INFO o.a.j.t.JMeterThread: Thread is done: Thread Group 1-46
2017-08-03 14:23:53,946 INFO o.a.j.t.JMeterThread: Thread finished: Thread Group 1-46
2017-08-03 14:23:53,965 INFO o.a.j.t.JMeterThread: Thread started: Thread Group 1-47
2017-08-03 14:23:53,966 INFO o.a.j.t.JMeterThread: Thread is done: Thread Group 1-47
2017-08-03 14:23:53,966 INFO o.a.j.t.JMeterThread: Thread finished: Thread Group 1-47
2017-08-03 14:23:53,986 INFO o.a.j.t.JMeterThread: Thread started: Thread Group 1-48
2017-08-03 14:23:53,986 INFO o.a.j.t.JMeterThread: Thread is done: Thread Group 1-48
2017-08-03 14:23:53,986 INFO o.a.j.t.JMeterThread: Thread finished: Thread Group 1-48
2017-08-03 14:23:54,005 INFO o.a.j.t.JMeterThread: Thread started: Thread Group 1-49
2017-08-03 14:23:54,006 INFO o.a.j.t.JMeterThread: Thread is done: Thread Group 1-49
2017-08-03 14:23:54,006 INFO o.a.j.t.JMeterThread: Thread finished: Thread Group 1-49
2017-08-03 14:23:54,025 INFO o.a.j.t.JMeterThread: Thread started: Thread Group 1-50
2017-08-03 14:23:54,026 INFO o.a.j.t.JMeterThread: Thread is done: Thread Group 1-50
2017-08-03 14:23:54,026 INFO o.a.j.t.JMeterThread: Thread finished: Thread Group 1-50
2017-08-03 14:23:54,026 INFO o.a.j.e.StandardJMeterEngine: Notifying test listeners of end of test
2017-08-03 14:23:54,026 INFO o.a.j.g.u.JMeterMenuBar: setRunning(false, *local*)
